Determining if the pthread_create exist failed with the following output:
Change Dir: /home/neil/catkin_ws/src/poe_ik/build/CMakeFiles/CMakeTmp

Run Build Command:"/usr/bin/ninja" "cmTC_382d5"
[1/2] Building C object CMakeFiles/cmTC_382d5.dir/CheckSymbolExists.c.o
[2/2] Linking C executable cmTC_382d5
FAILED: cmTC_382d5 
: && /usr/bin/gcc-7   -rdynamic CMakeFiles/cmTC_382d5.dir/CheckSymbolExists.c.o  -o cmTC_382d5   && :
CMakeFiles/cmTC_382d5.dir/CheckSymbolExists.c.o: In function `main':
CheckSymbolExists.c:(.text+0x1b): undefined reference to `pthread_create'
collect2: error: ld returned 1 exit status
ninja: build stopped: subcommand failed.

File /home/neil/catkin_ws/src/poe_ik/build/CMakeFiles/CMakeTmp/CheckSymbolExists.c:
/* */
#include <pthread.h>

int main(int argc, char** argv)
{
  (void)argv;
#ifndef pthread_create
  return ((int*)(&pthread_create))[argc];
#else
  (void)argc;
  return 0;
#endif
}

Determining if the function pthread_create exists in the pthreads failed with the following output:
Change Dir: /home/neil/catkin_ws/src/poe_ik/build/CMakeFiles/CMakeTmp

Run Build Command:"/usr/bin/ninja" "cmTC_1d5c4"
[1/2] Building C object CMakeFiles/cmTC_1d5c4.dir/CheckFunctionExists.c.o
[2/2] Linking C executable cmTC_1d5c4
FAILED: cmTC_1d5c4 
: && /usr/bin/gcc-7 -DCHECK_FUNCTION_EXISTS=pthread_create  -rdynamic CMakeFiles/cmTC_1d5c4.dir/CheckFunctionExists.c.o  -o cmTC_1d5c4  -lpthreads && :
/usr/bin/ld: cannot find -lpthreads
collect2: error: ld returned 1 exit status
ninja: build stopped: subcommand failed.


